[2025-01-26T13:57:53.321Z] POST /api/v1/webhook/send-message 200 1.065 ms - 199
[2025-01-26T16:19:20.525Z] GET /api/v1/webhook 200 10.552 ms - 11
[2025-01-26T16:20:09.780Z] POST /api/v1/webhook/send-message 200 2259.475 ms - 225
[2025-01-26T16:25:12.590Z] POST /api/v1/webhook/send-message 200 1910.032 ms - 204
[2025-01-26T16:27:58.688Z] POST /api/v1/webhook/send-message 200 1934.078 ms - 246
[2025-01-27T11:24:12.144Z] POST /api/v1/webhook/send-message 200 2582.921 ms - 271
[2025-01-27T11:34:41.472Z] POST /api/v1/webhook/send-message 200 2898.837 ms - 342
[2025-01-27T11:38:11.590Z] POST /api/v1/webhook/send-message 200 1970.641 ms - 343
[2025-02-06T02:17:33.409Z] GET / 404 14.103 ms - 84
[2025-02-06T02:17:34.022Z] GET /favicon.ico 404 5.896 ms - 84
[2025-02-06T02:17:43.262Z] GET /api/v1/webhook 200 1.121 ms - 11
[2025-02-06T02:17:51.890Z] GET /api/v1/webhook/webhook 404 1.661 ms - 84
[2025-02-06T02:18:01.345Z] GET /api/v1/webhook 200 0.749 ms - 11
[2025-02-06T02:37:06.541Z] POST /api/v1/webhook/send-message 200 4840.258 ms - 342
[2025-02-06T02:46:40.097Z] POST /api/v1/webhook/send-message 200 2928.458 ms - 339
[2025-02-06T03:41:38.722Z] POST /api/v1/webhook/send-message 200 3927.240 ms - 300
[2025-02-06T03:51:00.060Z] POST /api/v1/webhook/send-message 200 3676.845 ms - 332
[2025-02-06T06:42:47.560Z] POST /api/v1/webhook/send-message 200 64259.823 ms - 328
[2025-02-06T10:39:16.429Z] GET /api/v1/webhook 200 4.643 ms - 11
[2025-02-06T10:39:31.370Z] GET /api/v1/webhook 200 1.407 ms - 11
[2025-02-06T10:41:29.896Z] GET /api/v1/webhook/send-message?hub.mode=subscribe&hub.challenge=658679202&hub.verify_token=HELL 404 4.110 ms - 84
[2025-02-06T10:41:40.346Z] GET /api/v1/webhook?hub.mode=subscribe&hub.challenge=884495407&hub.verify_token=HELL 200 0.729 ms - 11
[2025-02-06T10:41:53.097Z] GET /api/v1/webhook 200 0.866 ms - 11
[2025-02-06T10:41:53.451Z] GET /favicon.ico 404 2.873 ms - 84
[2025-02-06T10:41:56.331Z] GET /api/v1/webhook 304 1.321 ms - -
[2025-02-06T10:42:11.627Z] GET /api/v1/webhook 304 0.636 ms - -
[2025-02-06T10:42:54.060Z] GET /api/v1/webhook?hub.mode=subscribe&hub.challenge=1187721483&hub.verify_token=HELL 200 1.001 ms - 11
[2025-02-06T10:43:30.153Z] GET /api/v1/webhook?hub.mode=subscribe&hub.challenge=733835021&hub.verify_token=abc 200 0.879 ms - 11
[2025-02-06T10:44:04.573Z] GET /api/v1/webhook 304 1.129 ms - -
[2025-02-06T10:45:10.924Z] GET /api/v1/webhook 304 5723.605 ms - -
[2025-02-06T10:45:42.473Z] GET /api/v1/webhook/?hub.mode=subscribe&hub.challenge=248541711&hub.verify_token=abc 200 14534.016 ms - 11
[2025-02-06T10:46:12.865Z] GET /api/v1/webhook/?hub.mode=subscribe&hub.challenge=1830044786&hub.verify_token=abc 200 4.512 ms - 11
[2025-02-06T10:46:21.623Z] GET /api/v1/webhook/?hub.mode=subscribe&hub.challenge=705729412&hub.verify_token=abc 200 1.419 ms - 11
[2025-02-06T10:50:51.358Z] GET / 404 6.148 ms - 84
[2025-02-06T10:50:51.759Z] GET /favicon.ico 404 2.026 ms - 84
[2025-02-06T10:50:59.408Z] GET /api/v1/webhook 200 0.994 ms - 41
[2025-02-06T10:51:22.169Z] GET /api/v1/webhook?hub.mode=subscribe&hub.challenge=2065550288&hub.verify_token=abc 200 1.333 ms - 41
[2025-02-06T10:51:25.946Z] GET /api/v1/webhook?hub.mode=subscribe&hub.challenge=986690510&hub.verify_token=abc 200 0.749 ms - 41
[2025-02-06T10:51:29.336Z] GET /api/v1/webhook/?hub.mode=subscribe&hub.challenge=585941884&hub.verify_token=abc 200 0.708 ms - 41
[2025-02-06T10:51:50.884Z] GET /api/v1/webhook/ 200 0.708 ms - 41
[2025-02-06T11:02:37.801Z] GET /api/v1/webhook/?hub.mode=subscribe&hub.challenge=2127972846&hub.verify_token=abc 403 5.436 ms - 9
[2025-02-06T11:02:40.251Z] GET /api/v1/webhook/?hub.mode=subscribe&hub.challenge=1171840603&hub.verify_token=abc 403 1.098 ms - 9
[2025-02-06T11:02:58.557Z] GET /api/v1/webhook?hub.mode=subscribe&hub.verify_token=your_verify_token&hub.challenge=CHALLENGE_ACCEPTED 200 1.771 ms - 18
[2025-02-06T11:03:11.861Z] GET /api/v1/webhook?hub.mode=subscribe&hub.verify_token=abc&hub.challenge=CHALLENGE_ACCEPTED 403 0.645 ms - 9
[2025-02-06T11:03:37.297Z] GET /api/v1/webhook/?hub.mode=subscribe&hub.challenge=856350835&hub.verify_token=abc 200 4.971 ms - 9
[2025-02-07T02:50:49.637Z] GET /api/v1/webhook?hub.verify_token=abc&hub.challenge=CHALLENGE_ACCEPTED&hub.mode=subscribe 200 4.677 ms - 18
[2025-02-07T04:42:01.092Z] GET /api/v1/webhook/?hub.mode=subscribe&hub.challenge=1279334051&hub.verify_token=abc 200 4.468 ms - 10
[2025-02-07T04:42:06.893Z] POST /api/v1/webhook/ 200 26.363 ms - 14
[2025-02-07T04:42:07.694Z] POST /api/v1/webhook/ 200 2.616 ms - 14
[2025-02-07T04:42:08.481Z] POST /api/v1/webhook/ 200 1.807 ms - 14
[2025-02-07T04:42:09.279Z] POST /api/v1/webhook/ 200 1.630 ms - 14
[2025-02-07T04:42:13.863Z] POST /api/v1/webhook/ 200 1.713 ms - 14
[2025-02-07T04:42:42.498Z] GET /api/v1/webhook?hub.verify_token=abc&hub.challenge=CHALLENGE_ACCEPTED&hub.mode=subscribe 200 1.170 ms - 18
[2025-02-07T04:43:24.346Z] POST /api/v1/webhook/ 200 1.404 ms - 14
[2025-02-07T07:53:05.322Z] POST /api/v1/webhook/ 200 19.190 ms - 14
[2025-02-07T07:53:07.769Z] POST /api/v1/webhook/ 200 3.464 ms - 14
[2025-02-07T07:53:08.265Z] POST /api/v1/webhook/ 200 1.545 ms - 14
[2025-02-07T07:53:17.849Z] POST /api/v1/webhook/ 200 1.229 ms - 14
[2025-02-07T07:53:17.902Z] POST /api/v1/webhook/ 200 1.562 ms - 14
[2025-02-07T07:53:17.904Z] POST /api/v1/webhook/ 200 1.118 ms - 14
[2025-02-07T07:53:24.823Z] POST /api/v1/webhook/ 200 2.049 ms - 14
[2025-02-07T07:53:25.810Z] POST /api/v1/webhook/ 200 1.683 ms - 14
[2025-02-07T07:53:26.505Z] POST /api/v1/webhook/ 200 1.915 ms - 14
[2025-02-07T07:53:27.236Z] POST /api/v1/webhook/ 200 1.429 ms - 14
[2025-02-07T07:54:30.114Z] POST /api/v1/webhook/ 200 18.476 ms - 14
[2025-02-07T07:54:32.214Z] POST /api/v1/webhook/ 200 2.844 ms - 14
[2025-02-07T07:54:32.420Z] POST /api/v1/webhook/ 200 1.866 ms - 14
[2025-02-07T07:54:41.335Z] POST /api/v1/webhook/ 200 1.720 ms - 14
[2025-02-07T07:54:41.362Z] POST /api/v1/webhook/ 200 1.440 ms - 14
[2025-02-07T07:54:41.377Z] POST /api/v1/webhook/ 200 1.219 ms - 14
[2025-02-07T07:59:43.450Z] POST /api/v1/webhook/ 200 3.311 ms - 14
[2025-02-07T07:59:44.673Z] POST /api/v1/webhook/ 200 1.998 ms - 14
[2025-02-07T07:59:45.136Z] POST /api/v1/webhook/ 200 2.071 ms - 14
[2025-02-07T07:59:45.142Z] POST /api/v1/webhook/ 200 1.322 ms - 14
[2025-02-07T07:59:47.123Z] POST /api/v1/webhook/ 200 1.537 ms - 14
[2025-02-07T07:59:51.729Z] POST /api/v1/webhook/ 200 1.539 ms - 14
[2025-02-07T07:59:53.063Z] POST /api/v1/webhook/ 200 1.376 ms - 14
[2025-02-07T07:59:53.106Z] POST /api/v1/webhook/ 200 1.750 ms - 14
[2025-02-07T07:59:53.108Z] POST /api/v1/webhook/ 200 1.482 ms - 14
[2025-02-07T07:59:53.840Z] POST /api/v1/webhook/ 200 1.213 ms - 14
[2025-02-07T08:01:28.713Z] POST /api/v1/webhook/ 200 1.317 ms - 14
[2025-02-07T08:01:30.861Z] POST /api/v1/webhook/ 200 1.446 ms - 14
[2025-02-07T08:01:31.160Z] POST /api/v1/webhook/ 200 1.207 ms - 14
[2025-02-07T08:01:31.244Z] POST /api/v1/webhook/ 200 1.138 ms - 14
[2025-02-07T08:01:32.515Z] POST /api/v1/webhook/ 200 1.550 ms - 14
[2025-02-08T02:29:01.525Z] GET /api/v1/webhook/?hub.mode=subscribe&hub.challenge=1881329316&hub.verify_token=abc 200 4.796 ms - 10
[2025-02-08T02:29:36.377Z] POST /api/v1/webhook/ 200 19.209 ms - 14
[2025-02-08T02:30:47.771Z] POST /api/v1/webhook/ 200 15.630 ms - 14
[2025-02-08T02:32:18.331Z] POST /api/v1/webhook/ 200 15.982 ms - 14
[2025-02-08T02:32:53.803Z] POST /api/v1/webhook/ 200 20.838 ms - 14
[2025-02-08T02:34:18.470Z] POST /api/v1/webhook/ 200 21.919 ms - 14
[2025-02-08T02:36:38.810Z] POST /api/v1/webhook/ 200 19.311 ms - 14
[2025-02-08T02:37:41.544Z] POST /api/v1/webhook/ 200 19.681 ms - 14
[2025-02-08T02:39:01.272Z] POST /api/v1/webhook/ 200 22.240 ms - 14
[2025-02-08T02:39:39.791Z] POST /api/v1/webhook/ 200 16.482 ms - 14
[2025-02-08T02:40:27.635Z] POST /api/v1/webhook/ 200 34.709 ms - 14
[2025-02-08T02:41:59.431Z] POST /api/v1/webhook/ 200 16.383 ms - 14
[2025-02-08T02:44:06.837Z] POST /api/v1/webhook/ 200 16.815 ms - 14
[2025-02-08T02:45:04.086Z] POST /api/v1/webhook/ 200 16.104 ms - 14
[2025-02-08T02:45:37.758Z] POST /api/v1/webhook/ 200 16.639 ms - 14
[2025-02-08T02:46:31.979Z] POST /api/v1/webhook/ 200 18.504 ms - 14
[2025-02-08T02:46:58.391Z] POST /api/v1/webhook/ 200 16.886 ms - 14
[2025-02-08T02:48:45.473Z] POST /api/v1/webhook/ 200 15.884 ms - 14
[2025-02-08T02:48:48.607Z] POST /api/v1/webhook/ 200 2.784 ms - 14
[2025-02-08T02:48:49.169Z] POST /api/v1/webhook/ 200 2.304 ms - 14
[2025-02-08T02:48:49.588Z] POST /api/v1/webhook/ 200 1.641 ms - 14
[2025-02-08T02:49:22.365Z] POST /api/v1/webhook/ 200 15.514 ms - 14
[2025-02-08T03:00:36.145Z] POST /api/v1/webhook/ 200 16.511 ms - 14
[2025-02-08T03:00:39.090Z] POST /api/v1/webhook/ 200 2.354 ms - 14
[2025-02-08T03:00:39.390Z] POST /api/v1/webhook/ 200 1.382 ms - 14
[2025-02-08T03:00:41.560Z] POST /api/v1/webhook/ 200 2.002 ms - 14
[2025-02-08T03:00:41.572Z] POST /api/v1/webhook/ 200 1.265 ms - 14
[2025-02-08T03:00:41.607Z] POST /api/v1/webhook/ 200 1.245 ms - 14
[2025-02-08T03:01:03.181Z] POST /api/v1/webhook/ 200 1.413 ms - 14
[2025-02-08T03:01:06.577Z] POST /api/v1/webhook/ 200 1.397 ms - 14
[2025-02-08T03:01:06.798Z] POST /api/v1/webhook/ 200 1.453 ms - 14
[2025-02-08T03:01:07.182Z] POST /api/v1/webhook/ 200 1.200 ms - 14
[2025-02-08T03:01:45.835Z] POST /api/v1/webhook/ 200 1.195 ms - 14
[2025-02-08T03:01:48.882Z] POST /api/v1/webhook/ 200 1.386 ms - 14
[2025-02-08T03:01:49.175Z] POST /api/v1/webhook/ 200 1.144 ms - 14
[2025-02-08T03:01:51.438Z] POST /api/v1/webhook/ 200 1.472 ms - 14
[2025-02-08T03:01:51.439Z] POST /api/v1/webhook/ 200 1.033 ms - 14
[2025-02-08T03:01:51.484Z] POST /api/v1/webhook/ 200 1.011 ms - 14
[2025-02-08T03:11:37.507Z] POST /api/v1/webhook/ 200 15.874 ms - 14
[2025-02-08T03:11:40.494Z] POST /api/v1/webhook/ 200 2.198 ms - 14
[2025-02-08T03:11:40.759Z] POST /api/v1/webhook/ 200 1.749 ms - 14
[2025-02-08T03:11:42.360Z] POST /api/v1/webhook/ 200 1.330 ms - 14
[2025-02-08T03:11:42.380Z] POST /api/v1/webhook/ 200 1.291 ms - 14
[2025-02-08T03:11:42.456Z] POST /api/v1/webhook/ 200 1.290 ms - 14
[2025-02-08T03:12:11.662Z] POST /api/v1/webhook/ 200 1.448 ms - 14
[2025-02-08T03:12:14.938Z] POST /api/v1/webhook/ 200 1.207 ms - 14
[2025-02-08T03:12:15.241Z] POST /api/v1/webhook/ 200 1.617 ms - 14
[2025-02-08T03:12:15.929Z] POST /api/v1/webhook/ 200 1.237 ms - 14
[2025-02-08T03:12:39.047Z] POST /api/v1/webhook/ 200 1.219 ms - 14
[2025-02-08T03:12:41.438Z] POST /api/v1/webhook/ 200 1.274 ms - 14
[2025-02-08T03:12:41.599Z] POST /api/v1/webhook/ 200 1.358 ms - 14
[2025-02-08T03:12:42.834Z] POST /api/v1/webhook/ 200 0.989 ms - 14
[2025-02-08T03:14:18.086Z] POST /api/v1/webhook/ 200 1.407 ms - 14
[2025-02-08T03:14:23.145Z] POST /api/v1/webhook/ 200 1.318 ms - 14
[2025-02-08T03:14:23.302Z] POST /api/v1/webhook/ 200 1.222 ms - 14
[2025-02-08T03:14:24.160Z] POST /api/v1/webhook/ 200 1.107 ms - 14
[2025-02-09T03:07:10.911Z] GET /api/v1/webhook/?hub.mode=subscribe&hub.challenge=292775248&hub.verify_token=abc 200 5.137 ms - 9
[2025-02-09T03:08:39.233Z] POST /api/v1/webhook/ 200 18.696 ms - 14
[2025-02-09T03:09:54.525Z] POST /api/v1/webhook/ 200 14.657 ms - 14
[2025-02-09T03:09:57.095Z] POST /api/v1/webhook/ 200 2.796 ms - 14
[2025-02-09T03:09:57.507Z] POST /api/v1/webhook/ 200 1.950 ms - 14
[2025-02-09T03:09:58.249Z] POST /api/v1/webhook/ 200 1.509 ms - 14
[2025-02-09T03:10:08.455Z] POST /api/v1/webhook/ 200 1.735 ms - 14
[2025-02-09T03:10:11.589Z] POST /api/v1/webhook/ 200 1.864 ms - 14
[2025-02-09T03:10:11.918Z] POST /api/v1/webhook/ 200 1.423 ms - 14
[2025-02-09T03:10:12.336Z] POST /api/v1/webhook/ 200 1.429 ms - 14
[2025-02-09T03:10:26.513Z] POST /api/v1/webhook/ 200 1.668 ms - 14
[2025-02-09T03:10:27.489Z] POST /api/v1/webhook/ 200 1.931 ms - 14
[2025-02-09T03:10:27.670Z] POST /api/v1/webhook/ 200 1.391 ms - 14
[2025-02-09T03:10:28.217Z] POST /api/v1/webhook/ 200 1.848 ms - 14
[2025-02-09T03:10:35.247Z] POST /api/v1/webhook/ 200 1.779 ms - 14
[2025-02-09T03:11:08.311Z] POST /api/v1/webhook/ 200 1.748 ms - 14
[2025-02-09T03:11:09.396Z] POST /api/v1/webhook/ 200 1.743 ms - 14
[2025-02-09T03:11:09.560Z] POST /api/v1/webhook/ 200 1.785 ms - 14
[2025-02-09T03:11:09.857Z] POST /api/v1/webhook/ 200 1.261 ms - 14
[2025-02-09T03:11:22.371Z] POST /api/v1/webhook/ 200 1.652 ms - 14
[2025-02-09T03:11:25.407Z] POST /api/v1/webhook/ 200 1.460 ms - 14
[2025-02-09T03:11:25.646Z] POST /api/v1/webhook/ 200 1.155 ms - 14
[2025-02-09T03:11:26.060Z] POST /api/v1/webhook/ 200 1.439 ms - 14
[2025-02-09T03:21:09.687Z] POST /api/v1/webhook/ 200 14.637 ms - 14
[2025-02-09T03:21:51.565Z] POST /api/v1/webhook/ 200 14.627 ms - 14
[2025-02-09T03:21:52.598Z] POST /api/v1/webhook/ 200 2.820 ms - 14
[2025-02-09T03:21:52.825Z] POST /api/v1/webhook/ 200 2.073 ms - 14
[2025-02-09T03:21:53.459Z] POST /api/v1/webhook/ 200 1.322 ms - 14
[2025-02-09T03:21:54.012Z] POST /api/v1/webhook/ 200 1.554 ms - 14
[2025-02-09T03:22:05.220Z] POST /api/v1/webhook/ 200 1.589 ms - 14
[2025-02-09T03:22:08.326Z] POST /api/v1/webhook/ 200 1.942 ms - 14
[2025-02-09T03:22:08.542Z] POST /api/v1/webhook/ 200 1.089 ms - 14
[2025-02-09T03:22:09.489Z] POST /api/v1/webhook/ 200 1.646 ms - 14
[2025-02-09T03:23:43.124Z] POST /api/v1/webhook/ 200 14.484 ms - 14
[2025-02-09T03:23:45.158Z] POST /api/v1/webhook/ 200 2.401 ms - 14
[2025-02-09T03:23:45.491Z] POST /api/v1/webhook/ 200 1.460 ms - 14
[2025-02-09T03:23:45.760Z] POST /api/v1/webhook/ 200 1.456 ms - 14
[2025-02-09T03:57:00.856Z] POST /api/v1/webhook/ 200 14.691 ms - 14
[2025-02-09T03:57:01.918Z] POST /api/v1/webhook/ 200 2.303 ms - 14
[2025-02-09T03:57:02.222Z] POST /api/v1/webhook/ 200 1.350 ms - 14
[2025-02-09T03:57:02.900Z] POST /api/v1/webhook/ 200 1.650 ms - 14
[2025-02-09T03:57:07.834Z] POST /api/v1/webhook/ 200 1.653 ms - 14
[2025-02-09T03:57:27.557Z] POST /api/v1/webhook/ 200 1.586 ms - 14
[2025-02-09T03:57:50.740Z] POST /api/v1/webhook/ 200 15.489 ms - 14
[2025-02-09T03:57:51.478Z] POST /api/v1/webhook/ 200 2.329 ms - 14
[2025-02-09T03:58:21.385Z] POST /api/v1/webhook/ 200 1.819 ms - 14
[2025-02-09T03:59:28.069Z] POST /api/v1/webhook/ 200 15.691 ms - 14
[2025-02-09T04:01:01.960Z] POST /api/v1/webhook/ 200 24.018 ms - 14
[2025-02-09T04:01:53.699Z] POST /api/v1/webhook/ 200 4.054 ms - 14
[2025-02-09T04:03:09.684Z] POST /api/v1/webhook/ 200 19.479 ms - 14
[2025-02-09T04:04:20.887Z] POST /api/v1/webhook/ 200 21.069 ms - 14
[2025-02-09T04:05:38.156Z] POST /api/v1/webhook/ 200 22.025 ms - 14
[2025-02-09T04:06:25.354Z] POST /api/v1/webhook/ 200 21.216 ms - 14
[2025-02-09T04:06:46.392Z] POST /api/v1/webhook/ 200 20.523 ms - 14
[2025-02-09T04:06:55.034Z] POST /api/v1/webhook/ 200 4.691 ms - 14
[2025-02-09T05:58:31.778Z] POST /api/v1/webhook/ 200 25.062 ms - 14
[2025-02-09T05:58:52.177Z] POST /api/v1/webhook/ 200 11.024 ms - 14
[2025-02-09T05:59:04.837Z] POST /api/v1/webhook/ 200 4.286 ms - 14
[2025-02-09T05:59:04.841Z] POST /api/v1/webhook/ 200 3.020 ms - 14
[2025-02-09T05:59:04.847Z] POST /api/v1/webhook/ 200 3.879 ms - 14
[2025-02-09T05:59:04.852Z] POST /api/v1/webhook/ 200 3.198 ms - 14
[2025-02-09T05:59:24.700Z] POST /api/v1/webhook/ 200 3.698 ms - 14
[2025-02-09T06:00:32.704Z] POST /api/v1/webhook/ 200 2.881 ms - 14
[2025-02-09T06:01:27.385Z] POST /api/v1/webhook/ 200 4.337 ms - 14
[2025-02-09T06:19:37.917Z] POST /api/v1/webhook/ 200 21.180 ms - 14
[2025-02-09T06:20:34.587Z] POST /api/v1/webhook/ 200 21.241 ms - 14
[2025-02-09T06:28:04.007Z] POST /api/v1/webhook/ 200 22.300 ms - 14
[2025-02-09T06:28:07.559Z] POST /api/v1/webhook/ 200 4.388 ms - 14
[2025-02-09T06:28:07.764Z] POST /api/v1/webhook/ 200 2.732 ms - 14
[2025-02-09T06:28:08.749Z] POST /api/v1/webhook/ 200 2.835 ms - 14
[2025-02-09T06:28:22.280Z] POST /api/v1/webhook/ 200 3.176 ms - 14
[2025-02-09T06:28:25.785Z] POST /api/v1/webhook/ 200 2.992 ms - 14
[2025-02-09T06:28:26.017Z] POST /api/v1/webhook/ 200 2.539 ms - 14
[2025-02-09T06:28:26.341Z] POST /api/v1/webhook/ 200 2.627 ms - 14
[2025-02-09T08:16:56.560Z] POST /api/v1/webhook/ 200 14.935 ms - 14
[2025-02-09T08:17:00.844Z] POST /api/v1/webhook/ 200 18.613 ms - 14
[2025-02-09T08:17:01.093Z] POST /api/v1/webhook/ 200 1.588 ms - 14
[2025-02-09T08:17:01.688Z] POST /api/v1/webhook/ 200 1.326 ms - 14
[2025-02-09T08:19:37.099Z] POST /api/v1/webhook/ 200 14.989 ms - 14
[2025-02-09T08:19:40.200Z] POST /api/v1/webhook/ 200 2.792 ms - 14
[2025-02-09T08:19:40.519Z] POST /api/v1/webhook/ 200 1.855 ms - 14
[2025-02-09T08:19:41.204Z] POST /api/v1/webhook/ 200 1.479 ms - 14
[2025-02-09T08:19:48.492Z] POST /api/v1/webhook/ 200 2.035 ms - 14
[2025-02-09T08:19:51.472Z] POST /api/v1/webhook/ 200 1.628 ms - 14
[2025-02-09T08:19:51.678Z] POST /api/v1/webhook/ 200 1.439 ms - 14
[2025-02-09T08:19:52.097Z] POST /api/v1/webhook/ 200 32.668 ms - 14
[2025-02-09T08:20:12.068Z] POST /api/v1/webhook/ 200 1.686 ms - 14
[2025-02-09T08:20:14.079Z] POST /api/v1/webhook/ 200 1.456 ms - 14
[2025-02-09T08:20:14.313Z] POST /api/v1/webhook/ 200 1.368 ms - 14
[2025-02-09T08:20:15.304Z] POST /api/v1/webhook/ 200 1.204 ms - 14
[2025-02-09T08:20:23.832Z] POST /api/v1/webhook/ 200 1.943 ms - 14
[2025-02-09T08:20:26.845Z] POST /api/v1/webhook/ 200 1.468 ms - 14
[2025-02-09T08:20:27.098Z] POST /api/v1/webhook/ 200 1.377 ms - 14
[2025-02-09T08:20:27.572Z] POST /api/v1/webhook/ 200 1.349 ms - 14
[2025-02-09T10:48:33.128Z] POST /api/v1/webhook/ 200 15.806 ms - 14
[2025-02-09T10:50:32.977Z] POST /api/v1/webhook/ 200 2897.932 ms - 14
[2025-02-09T10:51:13.165Z] POST /api/v1/webhook/ 200 4954.162 ms - 14
[2025-02-09T10:52:09.257Z] POST /api/v1/webhook/ 200 3911.101 ms - 14
[2025-02-09T10:52:30.316Z] POST /api/v1/webhook/ 200 1572.662 ms - 14
[2025-02-09T11:03:00.330Z] POST /api/v1/webhook/ 200 6693.421 ms - 14
[2025-02-09T11:03:00.387Z] POST /api/v1/webhook/ 200 6.790 ms - 14
[2025-02-09T11:06:24.412Z] POST /api/v1/webhook/ 200 23.203 ms - 14
[2025-02-09T11:06:40.163Z] POST /api/v1/webhook/ 200 4.396 ms - 14
[2025-02-09T11:07:03.402Z] POST /api/v1/webhook/ 200 2158.525 ms - 14
[2025-02-09T11:07:42.894Z] POST /api/v1/webhook/ 200 2392.024 ms - 14
[2025-02-09T11:09:08.521Z] POST /api/v1/webhook/ 200 11949.277 ms - 14
[2025-02-09T11:09:08.533Z] POST /api/v1/webhook/ 200 4.862 ms - 14
[2025-02-09T11:09:08.538Z] POST /api/v1/webhook/ 200 3.516 ms - 14
[2025-02-09T11:09:08.543Z] POST /api/v1/webhook/ 200 2.980 ms - 14
[2025-02-09T11:09:08.548Z] POST /api/v1/webhook/ 200 3.640 ms - 14
[2025-02-09T11:09:37.337Z] POST /api/v1/webhook/ 200 3769.535 ms - 14
[2025-02-09T11:10:20.909Z] POST /api/v1/webhook/ 200 35499.567 ms - 14
[2025-02-09T11:10:20.919Z] POST /api/v1/webhook/ 200 2.580 ms - 14
[2025-02-09T11:10:20.924Z] POST /api/v1/webhook/ 200 2.911 ms - 14
[2025-02-09T11:10:20.930Z] POST /api/v1/webhook/ 200 4.194 ms - 14
[2025-02-09T11:10:20.934Z] POST /api/v1/webhook/ 200 3.215 ms - 14
[2025-02-09T11:10:20.939Z] POST /api/v1/webhook/ 200 3.952 ms - 14
[2025-02-09T11:10:20.943Z] POST /api/v1/webhook/ 200 2.384 ms - 14
[2025-02-09T11:10:22.198Z] POST /api/v1/webhook/ 200 1253.577 ms - 14
[2025-02-09T11:10:22.206Z] POST /api/v1/webhook/ 200 3.638 ms - 14
